Creating output corresponding to FL_20160426_r1_nt16.raw.mda
Found file with checksum 5cd341dcc86fa09f958d840ff9a871cec50a1b6c
Resolved: ../../raw/FL_20160426_r1_nt16/raw.mda.prv -> /mnt/xfs1/home/magland/dev/mountainsort_experiments/BIGFILES/FL_20160426_r1_nt16.raw.mda
Loaded 39 processors in /home/magland/dev/mountainlab/labcomputer/../mountainprocess/processors
SCRIPT: _nodaemon = 
SCRIPT: outpath = output
SCRIPT: raw = /mnt/xfs1/home/magland/dev/mountainsort_experiments/BIGFILES/FL_20160426_r1_nt16.raw.mda
SCRIPT: samplerate = 30000
SCRIPT: clip_size = 50
SCRIPT: detect_threshold = 3.5
SCRIPT: detect_interval = 10
SCRIPT: shell_increment = 3
SCRIPT: min_shell_size = 150
SCRIPT: sign = 0
SCRIPT: freq_min = 300
SCRIPT: freq_max = 8000
SCRIPT: num_features = 10
SCRIPT: num_features2 = 10
SCRIPT: adj_radius = 0
SCRIPT: consolidation_factor = 0.9
SCRIPT: channels = 
SCRIPT: timerange = -1,-1
SCRIPT: use_whitening = true
SCRIPT: mask_threshold = 6
SCRIPT: cluster_num_threads = 0
Launching process extract_raw
Writing prv file: /mnt/xfs1/home/magland/dev/mountainsort_experiments/BIGFILES/FL_20160426_r1_nt16.raw.mda -> output/raw.mda.prv
extract_raw:: Loaded 39 processors in /home/magland/dev/mountainlab/labcomputer/../mountainprocess/processors
STARTING: /home/magland/dev/mountainlab/mountainprocess/processors/mountainsort.mp extract_raw --timeseries=/mnt/xfs1/home/magland/dev/mountainsort_experiments/BIGFILES/FL_20160426_r1_nt16.raw.mda --timeseries_out=/tmp/mountainlab/tmp_long_term/f753fea9e3a8690245c68fc8df5f78ec1ffbf49a-timeseries_out --channels= --t1=-1 --t2=-1 .
RUNNING extract_raw
extract_raw:: extract raw 0/83327070 (0%)
extract_raw:: extract raw 51750000/83327070 (62%)
extract_raw:: Elapsed time for processor extract_raw: 8.242 sec
---------------------------------------------------------------
PROCESS COMPLETED: extract_raw
Peak usage: 24 MB RAM / 104% CPU
---------------------------------------------------------------

Process finished: extract_raw
Writing prv file: /tmp/mountainlab/tmp_long_term/f753fea9e3a8690245c68fc8df5f78ec1ffbf49a-timeseries_out -> output/pre0.mda.prv
Computing checksum for file /tmp/mountainlab/tmp_long_term/f753fea9e3a8690245c68fc8df5f78ec1ffbf49a-timeseries_out
5cd341dcc86fa09f958d840ff9a871cec50a1b6c -- Elapsed: 3.699 sec
Launching process bandpass_filter
bandpass_filter:: Loaded 39 processors in /home/magland/dev/mountainlab/labcomputer/../mountainprocess/processors
STARTING: /home/magland/dev/mountainlab/mountainprocess/processors/mountainsort.mp bandpass_filter --timeseries=/tmp/mountainlab/tmp_long_term/f753fea9e3a8690245c68fc8df5f78ec1ffbf49a-timeseries_out --timeseries_out=/tmp/mountainlab/tmp_long_term/759da6d0969aa274db117b33df7bdff3d5f717a0-timeseries_out --chunk_overlap_size= --freq_max=8000 --freq_min=300 --freq_wid= --processing_chunk_size= --samplerate=30000 .
RUNNING bandpass_filter
bandpass_filter:: 6000000/83327070 (7%) - Elapsed(s): RC:2.435, BPF:6.757, GC:0.253, WC:0.372, Total:3.042, 40 threads
bandpass_filter:: 80327070/83327070 (96%) - Elapsed(s): RC:4.534, BPF:116.141, GC:2.63, WC:3.049, Total:8.056, 40 threads
bandpass_filter:: 83327070/83327070 (100%) - Elapsed(s): RC:4.534, BPF:117.875, GC:2.68, WC:3.1, Total:8.479, 40 threads
Elapsed time for processor bandpass_filter: 8.48 sec
bandpass_filter:: ---------------------------------------------------------------
PROCESS COMPLETED: bandpass_filter
Peak usage: 4677 MB RAM / 1804% CPU
---------------------------------------------------------------

Process finished: bandpass_filter
Launching process mask_out_artifacts
mask_out_artifacts:: Loaded 39 processors in /home/magland/dev/mountainlab/labcomputer/../mountainprocess/processors
STARTING: /home/magland/dev/mountainlab/mountainprocess/processors/mountainsort.mp mask_out_artifacts --timeseries=/tmp/mountainlab/tmp_long_term/759da6d0969aa274db117b33df7bdff3d5f717a0-timeseries_out --timeseries_out=/tmp/mountainlab/tmp_long_term/e0cfb62fdacd7d45bcd8723d244fa3381bd70340-timeseries_out --interval_size=200 --threshold=6 .
RUNNING mask_out_artifacts
mask_out_artifacts:: mask_out_artifacts compute_norms: 54656600/83327070 (65%)
mask_out_artifacts:: mask_out_artifacts write data: 20900000/83327070 (25%)
mask_out_artifacts:: mask_out_artifacts write data: 65647400/83327070 (78%)
mask_out_artifacts:: Using 99.66% of all timepoints
Elapsed time for processor mask_out_artifacts: 16.958 sec
---------------------------------------------------------------
PROCESS COMPLETED: mask_out_artifacts
Peak usage: 30 MB RAM / 104% CPU
---------------------------------------------------------------

Process finished: mask_out_artifacts
Writing prv file: /tmp/mountainlab/tmp_long_term/e0cfb62fdacd7d45bcd8723d244fa3381bd70340-timeseries_out -> output/pre1b.mda.prv
Computing checksum for file /tmp/mountainlab/tmp_long_term/e0cfb62fdacd7d45bcd8723d244fa3381bd70340-timeseries_out
a6c119fb93707c6cbca3b71e8b66908bd3f22ea7 -- Elapsed: 2.787 sec
Computing checksum for file /tmp/mountainlab/tmp_long_term/759da6d0969aa274db117b33df7bdff3d5f717a0-timeseries_out
a28be6ce24ccd887048c67145702b0cf78621f91 -- Elapsed: 3.654 sec
Launching process whiten
whiten:: Loaded 39 processors in /home/magland/dev/mountainlab/labcomputer/../mountainprocess/processors
STARTING: /home/magland/dev/mountainlab/mountainprocess/processors/mountainsort.mp whiten --timeseries=/tmp/mountainlab/tmp_long_term/e0cfb62fdacd7d45bcd8723d244fa3381bd70340-timeseries_out --timeseries_out=/tmp/mountainlab/tmp_long_term/ce4259406685d2c6ae37baa0d98bc35a847c62c5-timeseries_out .
RUNNING whiten
whiten:: 83327070/83327070 (100%)
whiten:: 83327070/83327070 (100%)
Elapsed time for processor whiten: 4.315 sec
---------------------------------------------------------------
PROCESS COMPLETED: whiten
Peak usage: 2520 MB RAM / 307% CPU
---------------------------------------------------------------

Process finished: whiten
Writing prv file: /tmp/mountainlab/tmp_long_term/ce4259406685d2c6ae37baa0d98bc35a847c62c5-timeseries_out -> output/pre2.mda.prv
Computing checksum for file /tmp/mountainlab/tmp_long_term/ce4259406685d2c6ae37baa0d98bc35a847c62c5-timeseries_out
77e31eb76cc1067590228eb664c99c39ada9d69e -- Elapsed: 3.678 sec
Launching process detect
detect:: Loaded 39 processors in /home/magland/dev/mountainlab/labcomputer/../mountainprocess/processors
STARTING: /home/magland/dev/mountainlab/mountainprocess/processors/mountainsort.mp detect --timeseries=/tmp/mountainlab/tmp_long_term/ce4259406685d2c6ae37baa0d98bc35a847c62c5-timeseries_out --detect_out=/tmp/mountainlab/tmp_long_term/2106e4ed568479bdcd1ef7bd9a86d24a905cbe93-detect_out --clip_size=50 --detect_interval=10 --detect_threshold=3.5 --individual_channels=1 --sign=0 .
RUNNING detect
detect:: 83327070/83327070 (100%)
detect:: Detected 514413 events.
Elapsed time for processor detect: 2.28 sec
---------------------------------------------------------------
PROCESS COMPLETED: detect
Peak usage: 1928 MB RAM / 555% CPU
---------------------------------------------------------------

Process finished: detect
Launching process branch_cluster_v2
branch_cluster_v2:: Loaded 39 processors in /home/magland/dev/mountainlab/labcomputer/../mountainprocess/processors
STARTING: /home/magland/dev/mountainlab/mountainprocess/processors/mountainsort.mp branch_cluster_v2 --adjacency_matrix= --detect=/tmp/mountainlab/tmp_long_term/2106e4ed568479bdcd1ef7bd9a86d24a905cbe93-detect_out --timeseries=/tmp/mountainlab/tmp_long_term/ce4259406685d2c6ae37baa0d98bc35a847c62c5-timeseries_out --firings_out=/tmp/mountainlab/tmp_long_term/f2547c33f1ede84b3dcc3332a26c625ed2a144e9-firings_out --clip_size=50 --consolidation_factor=0.899999976 --detect_interval=10 --min_shell_size=150 --num_features=10 --num_features2=10 --num_pca_representatives= --num_threads=0 --shell_increment=3 .
RUNNING branch_cluster_v2
Starting branch_cluster_v2 --------------------
#events = 514413
branch_cluster_v2:: do_branch_cluster_v2 4x50x88995 (channel 1)
Channel 1: NEGATIVES (63521)
do_branch_cluster_v2 4x50x63521 (channel 1)
branch_cluster_v2:: do_branch_cluster_v2 4x50x141148 (channel 3)
Channel 3: NEGATIVES (117892)
do_branch_cluster_v2 4x50x117892 (channel 3)
branch_cluster_v2:: do_branch_cluster_v2 4x50x130817 (channel 4)
Channel 4: NEGATIVES (78561)
do_branch_cluster_v2 4x50x78561 (channel 4)
branch_cluster_v2:: do_branch_cluster_v2 4x50x153453 (channel 2)
Channel 2: NEGATIVES (113895)
do_branch_cluster_v2 4x50x113895 (channel 2)
branch_cluster_v2:: Channel 4: K=18
do_branch_cluster_v2 4x50x342 (channel 4)
branch_cluster_v2:: Channel 4: K=2
do_branch_cluster_v2 4x50x265 (channel 4)
do_branch_cluster_v2 4x50x77 (channel 4)
do_branch_cluster_v2 4x50x4481 (channel 4)
branch_cluster_v2:: Channel 4: K=2
do_branch_cluster_v2 4x50x3674 (channel 4)
branch_cluster_v2:: do_branch_cluster_v2 4x50x1904 (channel 4)
branch_cluster_v2:: do_branch_cluster_v2 4x50x807 (channel 4)
do_branch_cluster_v2 4x50x431 (channel 4)
branch_cluster_v2:: do_branch_cluster_v2 4x50x6009 (channel 4)
branch_cluster_v2:: do_branch_cluster_v2 4x50x5336 (channel 4)
branch_cluster_v2:: do_branch_cluster_v2 4x50x962 (channel 4)
do_branch_cluster_v2 4x50x244 (channel 4)
branch_cluster_v2:: do_branch_cluster_v2 4x50x279 (channel 4)
do_branch_cluster_v2 4x50x1489 (channel 4)
branch_cluster_v2:: Channel 4: K=2
branch_cluster_v2:: do_branch_cluster_v2 4x50x1337 (channel 4)
do_branch_cluster_v2 4x50x152 (channel 4)
do_branch_cluster_v2 4x50x16838 (channel 4)
branch_cluster_v2:: do_branch_cluster_v2 4x50x14260 (channel 4)
branch_cluster_v2:: do_branch_cluster_v2 4x50x3627 (channel 4)
branch_cluster_v2:: Channel 4: K=2
do_branch_cluster_v2 4x50x3065 (channel 4)
branch_cluster_v2:: do_branch_cluster_v2 4x50x562 (channel 4)
do_branch_cluster_v2 4x50x398 (channel 4)
branch_cluster_v2:: do_branch_cluster_v2 4x50x167 (channel 4)
do_branch_cluster_v2 4x50x14096 (channel 4)
branch_cluster_v2:: Channel 4: K=3
do_branch_cluster_v2 4x50x13096 (channel 4)
branch_cluster_v2:: do_branch_cluster_v2 4x50x535 (channel 4)
do_branch_cluster_v2 4x50x304 (channel 4)
do_branch_cluster_v2 4x50x696 (channel 4)
branch_cluster_v2:: do_branch_cluster_v2 4x50x6202 (channel 4)
branch_cluster_v2:: do_branch_cluster_v2 4x50x5203 (channel 4)
branch_cluster_v2:: do_branch_cluster_v2 4x50x1639 (channel 4)
branch_cluster_v2:: do_branch_cluster_v2 4x50x7502 (channel 4)
branch_cluster_v2:: do_branch_cluster_v2 4x50x3875 (channel 4)
Channel 1: K=16
do_branch_cluster_v2 4x50x2813 (channel 1)
branch_cluster_v2:: do_branch_cluster_v2 4x50x171 (channel 4)
Channel 1: K=2
do_branch_cluster_v2 4x50x2653 (channel 1)
do_branch_cluster_v2 4x50x419 (channel 4)
do_branch_cluster_v2 4x50x267 (channel 4)
branch_cluster_v2:: do_branch_cluster_v2 4x50x3949 (channel 4)
branch_cluster_v2:: do_branch_cluster_v2 4x50x1880 (channel 1)
branch_cluster_v2:: do_branch_cluster_v2 4x50x3333 (channel 4)
do_branch_cluster_v2 4x50x567 (channel 1)
branch_cluster_v2:: do_branch_cluster_v2 4x50x160 (channel 1)
do_branch_cluster_v2 4x50x719 (channel 1)
do_branch_cluster_v2 4x50x14693 (channel 1)
branch_cluster_v2:: do_branch_cluster_v2 4x50x1803 (channel 4)
branch_cluster_v2:: do_branch_cluster_v2 4x50x192 (channel 4)
Channel 4: K=2
do_branch_cluster_v2 4x50x158 (channel 4)
do_branch_cluster_v2 4x50x34 (channel 4)
do_branch_cluster_v2 4x50x419 (channel 4)
do_branch_cluster_v2 4x50x235 (channel 4)
do_branch_cluster_v2 4x50x4724 (channel 4)
branch_cluster_v2:: do_branch_cluster_v2 4x50x3504 (channel 4)
branch_cluster_v2:: do_branch_cluster_v2 4x50x684 (channel 4)
branch_cluster_v2:: do_branch_cluster_v2 4x50x6514 (channel 4)
branch_cluster_v2:: do_branch_cluster_v2 4x50x8249 (channel 1)
branch_cluster_v2:: do_branch_cluster_v2 4x50x455 (channel 4)
do_branch_cluster_v2 4x50x153 (channel 4)
do_branch_cluster_v2 4x50x1333 (channel 4)
branch_cluster_v2:: Channel 4: K=3
do_branch_cluster_v2 4x50x284 (channel 4)
do_branch_cluster_v2 4x50x742 (channel 4)
branch_cluster_v2:: do_branch_cluster_v2 4x50x307 (channel 4)
do_branch_cluster_v2 4x50x3266 (channel 4)
branch_cluster_v2:: do_branch_cluster_v2 4x50x1924 (channel 4)
branch_cluster_v2:: Channel 4: K=2
do_branch_cluster_v2 4x50x1816 (channel 4)
branch_cluster_v2:: do_branch_cluster_v2 4x50x108 (channel 4)
branch_cluster_v2:: Channel 4: POSITIVES (52256)
do_branch_cluster_v2 4x50x52256 (channel 4)
Channel 1: K=2
do_branch_cluster_v2 4x50x8136 (channel 1)
branch_cluster_v2:: do_branch_cluster_v2 4x50x113 (channel 1)
do_branch_cluster_v2 4x50x837 (channel 1)
Channel 1: K=2
do_branch_cluster_v2 4x50x563 (channel 1)
branch_cluster_v2:: do_branch_cluster_v2 4x50x274 (channel 1)
do_branch_cluster_v2 4x50x469 (channel 1)
do_branch_cluster_v2 4x50x22407 (channel 1)
branch_cluster_v2:: Channel 1: K=2
do_branch_cluster_v2 4x50x21700 (channel 1)
branch_cluster_v2:: do_branch_cluster_v2 4x50x619 (channel 1)
branch_cluster_v2:: Channel 1: K=2
do_branch_cluster_v2 4x50x314 (channel 1)
do_branch_cluster_v2 4x50x305 (channel 1)
do_branch_cluster_v2 4x50x707 (channel 1)
branch_cluster_v2:: do_branch_cluster_v2 4x50x5331 (channel 1)
branch_cluster_v2:: Channel 1: K=7
do_branch_cluster_v2 4x50x75 (channel 1)
do_branch_cluster_v2 4x50x341 (channel 1)
branch_cluster_v2:: do_branch_cluster_v2 4x50x189 (channel 1)
do_branch_cluster_v2 4x50x711 (channel 1)
do_branch_cluster_v2 4x50x3646 (channel 1)
branch_cluster_v2:: do_branch_cluster_v2 4x50x3002 (channel 1)
branch_cluster_v2:: do_branch_cluster_v2 4x50x310 (channel 1)
do_branch_cluster_v2 4x50x44 (channel 1)
do_branch_cluster_v2 4x50x476 (channel 1)
branch_cluster_v2:: do_branch_cluster_v2 4x50x38 (channel 1)
do_branch_cluster_v2 4x50x5064 (channel 1)
branch_cluster_v2:: do_branch_cluster_v2 4x50x850 (channel 1)
branch_cluster_v2:: do_branch_cluster_v2 4x50x1815 (channel 1)
branch_cluster_v2:: Channel 1: K=2
branch_cluster_v2:: do_branch_cluster_v2 4x50x1082 (channel 1)
do_branch_cluster_v2 4x50x733 (channel 1)
do_branch_cluster_v2 4x50x844 (channel 1)
branch_cluster_v2:: Channel 1: K=2
do_branch_cluster_v2 4x50x702 (channel 1)
do_branch_cluster_v2 4x50x142 (channel 1)
branch_cluster_v2:: do_branch_cluster_v2 4x50x1002 (channel 1)
do_branch_cluster_v2 4x50x494 (channel 1)
Channel 1: K=2
do_branch_cluster_v2 4x50x397 (channel 1)
branch_cluster_v2:: do_branch_cluster_v2 4x50x97 (channel 1)
do_branch_cluster_v2 4x50x1723 (channel 1)
branch_cluster_v2:: Channel 1: K=2
branch_cluster_v2:: do_branch_cluster_v2 4x50x576 (channel 1)
do_branch_cluster_v2 4x50x1147 (channel 1)
branch_cluster_v2:: do_branch_cluster_v2 4x50x699 (channel 1)
do_branch_cluster_v2 4x50x3634 (channel 1)
branch_cluster_v2:: Channel 1: K=3
do_branch_cluster_v2 4x50x2185 (channel 1)
branch_cluster_v2:: do_branch_cluster_v2 4x50x852 (channel 1)
do_branch_cluster_v2 4x50x1307 (channel 1)
branch_cluster_v2:: do_branch_cluster_v2 4x50x705 (channel 1)
branch_cluster_v2:: do_branch_cluster_v2 4x50x142 (channel 1)
do_branch_cluster_v2 4x50x920 (channel 1)
do_branch_cluster_v2 4x50x756 (channel 1)
branch_cluster_v2:: Channel 1: POSITIVES (25474)
do_branch_cluster_v2 4x50x25474 (channel 1)
branch_cluster_v2:: Channel 1: K=9
do_branch_cluster_v2 4x50x661 (channel 1)
do_branch_cluster_v2 4x50x213 (channel 1)
Channel 1: K=2
do_branch_cluster_v2 4x50x139 (channel 1)
do_branch_cluster_v2 4x50x74 (channel 1)
do_branch_cluster_v2 4x50x17729 (channel 1)
branch_cluster_v2:: do_branch_cluster_v2 4x50x760 (channel 1)
branch_cluster_v2:: do_branch_cluster_v2 4x50x236 (channel 1)
Channel 1: K=2
do_branch_cluster_v2 4x50x210 (channel 1)
do_branch_cluster_v2 4x50x26 (channel 1)
do_branch_cluster_v2 4x50x166 (channel 1)
do_branch_cluster_v2 4x50x2638 (channel 1)
branch_cluster_v2:: do_branch_cluster_v2 4x50x79 (channel 1)
do_branch_cluster_v2 4x50x1142 (channel 1)
Channel 1: K=2
branch_cluster_v2:: do_branch_cluster_v2 4x50x962 (channel 1)
do_branch_cluster_v2 4x50x180 (channel 1)
do_branch_cluster_v2 4x50x1515 (channel 1)
branch_cluster_v2:: do_branch_cluster_v2 4x50x152 (channel 1)
do_branch_cluster_v2 4x50x1331 (channel 1)
branch_cluster_v2:: Splitting clusters for channel 1
branch_cluster_v2:: Split clusters for channel 1: 45->45 clusters
branch_cluster_v2:: Channel 1: Using 17 of 45 clusters.
branch_cluster_v2:: Channel 2: K=11
do_branch_cluster_v2 4x50x77548 (channel 2)
branch_cluster_v2:: Channel 4: K=7
do_branch_cluster_v2 4x50x26547 (channel 4)
branch_cluster_v2:: Channel 4: K=2
do_branch_cluster_v2 4x50x26251 (channel 4)
branch_cluster_v2:: Channel 2: K=2
do_branch_cluster_v2 4x50x77470 (channel 2)
branch_cluster_v2:: Channel 4: K=2
do_branch_cluster_v2 4x50x25985 (channel 4)
branch_cluster_v2:: do_branch_cluster_v2 4x50x2191 (channel 4)
branch_cluster_v2:: do_branch_cluster_v2 4x50x266 (channel 4)
do_branch_cluster_v2 4x50x296 (channel 4)
branch_cluster_v2:: do_branch_cluster_v2 4x50x18454 (channel 4)
branch_cluster_v2:: Channel 3: K=14
do_branch_cluster_v2 4x50x707 (channel 3)
branch_cluster_v2:: do_branch_cluster_v2 4x50x3021 (channel 3)
branch_cluster_v2:: Channel 3: K=2
do_branch_cluster_v2 4x50x1936 (channel 3)
branch_cluster_v2:: do_branch_cluster_v2 4x50x554 (channel 3)
do_branch_cluster_v2 4x50x1085 (channel 3)
branch_cluster_v2:: do_branch_cluster_v2 4x50x383 (channel 3)
do_branch_cluster_v2 4x50x69250 (channel 3)
branch_cluster_v2:: do_branch_cluster_v2 4x50x30823 (channel 2)
branch_cluster_v2:: Channel 4: K=2
do_branch_cluster_v2 4x50x13572 (channel 4)
branch_cluster_v2:: do_branch_cluster_v2 4x50x484 (channel 4)
Channel 4: K=2
do_branch_cluster_v2 4x50x333 (channel 4)
branch_cluster_v2:: do_branch_cluster_v2 4x50x151 (channel 4)
do_branch_cluster_v2 4x50x4882 (channel 4)
branch_cluster_v2:: do_branch_cluster_v2 4x50x2656 (channel 4)
branch_cluster_v2:: Channel 4: K=4
do_branch_cluster_v2 4x50x1454 (channel 4)
do_branch_cluster_v2 4x50x174 (channel 4)
branch_cluster_v2:: do_branch_cluster_v2 4x50x868 (channel 4)
do_branch_cluster_v2 4x50x160 (channel 4)
do_branch_cluster_v2 4x50x2099 (channel 4)
branch_cluster_v2:: do_branch_cluster_v2 4x50x310 (channel 4)
branch_cluster_v2:: Channel 4: K=2
do_branch_cluster_v2 4x50x280 (channel 4)
do_branch_cluster_v2 4x50x30 (channel 4)
do_branch_cluster_v2 4x50x1425 (channel 4)
branch_cluster_v2:: do_branch_cluster_v2 4x50x203 (channel 4)
do_branch_cluster_v2 4x50x764 (channel 4)
do_branch_cluster_v2 4x50x311 (channel 4)
branch_cluster_v2:: Splitting clusters for channel 4
branch_cluster_v2:: Channel 2: K=2
do_branch_cluster_v2 4x50x29891 (channel 2)
branch_cluster_v2:: do_branch_cluster_v2 4x50x189 (channel 2)
branch_cluster_v2:: do_branch_cluster_v2 4x50x932 (channel 2)
do_branch_cluster_v2 4x50x681 (channel 2)
branch_cluster_v2:: do_branch_cluster_v2 4x50x78 (channel 2)
do_branch_cluster_v2 4x50x3202 (channel 2)
branch_cluster_v2:: do_branch_cluster_v2 4x50x2762 (channel 2)
branch_cluster_v2:: do_branch_cluster_v2 4x50x2351 (channel 2)
branch_cluster_v2:: do_branch_cluster_v2 4x50x1893 (channel 2)
branch_cluster_v2:: do_branch_cluster_v2 4x50x9713 (channel 3)
do_branch_cluster_v2 4x50x1376 (channel 2)
branch_cluster_v2:: do_branch_cluster_v2 4x50x733 (channel 2)
branch_cluster_v2:: do_branch_cluster_v2 4x50x1212 (channel 2)
do_branch_cluster_v2 4x50x418 (channel 2)
branch_cluster_v2:: do_branch_cluster_v2 4x50x3836 (channel 2)
branch_cluster_v2:: do_branch_cluster_v2 4x50x3685 (channel 2)
branch_cluster_v2:: Channel 3: K=2
do_branch_cluster_v2 4x50x9696 (channel 3)
branch_cluster_v2:: do_branch_cluster_v2 4x50x1149 (channel 2)
do_branch_cluster_v2 4x50x4714 (channel 2)
branch_cluster_v2:: do_branch_cluster_v2 4x50x17 (channel 3)
do_branch_cluster_v2 4x50x3910 (channel 3)
branch_cluster_v2:: Channel 2: K=3
do_branch_cluster_v2 4x50x692 (channel 2)
branch_cluster_v2:: do_branch_cluster_v2 4x50x170 (channel 2)
do_branch_cluster_v2 4x50x215 (channel 2)
do_branch_cluster_v2 4x50x3807 (channel 2)
branch_cluster_v2:: Channel 2: K=2
do_branch_cluster_v2 4x50x3674 (channel 2)
branch_cluster_v2:: do_branch_cluster_v2 4x50x908 (channel 2)
do_branch_cluster_v2 4x50x133 (channel 2)
do_branch_cluster_v2 4x50x3561 (channel 2)
branch_cluster_v2:: Channel 3: K=2
do_branch_cluster_v2 4x50x2665 (channel 3)
branch_cluster_v2:: do_branch_cluster_v2 4x50x747 (channel 3)
Channel 2: K=2
do_branch_cluster_v2 4x50x3502 (channel 2)
do_branch_cluster_v2 4x50x1245 (channel 3)
branch_cluster_v2:: do_branch_cluster_v2 4x50x813 (channel 3)
branch_cluster_v2:: do_branch_cluster_v2 4x50x26408 (channel 3)
do_branch_cluster_v2 4x50x240 (channel 2)
do_branch_cluster_v2 4x50x59 (channel 2)
do_branch_cluster_v2 4x50x3435 (channel 2)
branch_cluster_v2:: do_branch_cluster_v2 4x50x1528 (channel 2)
branch_cluster_v2:: do_branch_cluster_v2 4x50x9711 (channel 2)
branch_cluster_v2:: do_branch_cluster_v2 4x50x231 (channel 2)
do_branch_cluster_v2 4x50x4863 (channel 2)
branch_cluster_v2:: do_branch_cluster_v2 4x50x260 (channel 2)
do_branch_cluster_v2 4x50x1452 (channel 2)
branch_cluster_v2:: do_branch_cluster_v2 4x50x868 (channel 2)
do_branch_cluster_v2 4x50x241 (channel 2)
do_branch_cluster_v2 4x50x361 (channel 2)
Channel 2: POSITIVES (39558)
do_branch_cluster_v2 4x50x39558 (channel 2)
branch_cluster_v2:: Split clusters for channel 4: 43->45 clusters
branch_cluster_v2:: Channel 4: Using 14 of 45 clusters.
branch_cluster_v2:: do_branch_cluster_v2 4x50x610 (channel 3)
do_branch_cluster_v2 4x50x1516 (channel 3)
branch_cluster_v2:: Channel 3: K=2
do_branch_cluster_v2 4x50x1456 (channel 3)
branch_cluster_v2:: do_branch_cluster_v2 4x50x60 (channel 3)
do_branch_cluster_v2 4x50x675 (channel 3)
do_branch_cluster_v2 4x50x1498 (channel 3)
branch_cluster_v2:: Channel 3: K=2
branch_cluster_v2:: do_branch_cluster_v2 4x50x921 (channel 3)
do_branch_cluster_v2 4x50x446 (channel 3)
do_branch_cluster_v2 4x50x577 (channel 3)
do_branch_cluster_v2 4x50x1083 (channel 3)
branch_cluster_v2:: do_branch_cluster_v2 4x50x5338 (channel 3)
branch_cluster_v2:: Channel 3: K=2
do_branch_cluster_v2 4x50x5065 (channel 3)
branch_cluster_v2:: do_branch_cluster_v2 4x50x4862 (channel 3)
branch_cluster_v2:: do_branch_cluster_v2 4x50x2910 (channel 3)
branch_cluster_v2:: do_branch_cluster_v2 4x50x248 (channel 3)
do_branch_cluster_v2 4x50x273 (channel 3)
do_branch_cluster_v2 4x50x1118 (channel 3)
do_branch_cluster_v2 4x50x1219 (channel 3)
branch_cluster_v2:: Channel 3: K=2
branch_cluster_v2:: do_branch_cluster_v2 4x50x1064 (channel 3)
do_branch_cluster_v2 4x50x191 (channel 3)
do_branch_cluster_v2 4x50x155 (channel 3)
do_branch_cluster_v2 4x50x1483 (channel 3)
branch_cluster_v2:: Channel 3: K=2
do_branch_cluster_v2 4x50x1457 (channel 3)
branch_cluster_v2:: do_branch_cluster_v2 4x50x1205 (channel 3)
branch_cluster_v2:: do_branch_cluster_v2 4x50x536 (channel 3)
do_branch_cluster_v2 4x50x26 (channel 3)
do_branch_cluster_v2 4x50x666 (channel 3)
branch_cluster_v2:: Channel 3: K=3
do_branch_cluster_v2 4x50x139 (channel 3)
do_branch_cluster_v2 4x50x225 (channel 3)
do_branch_cluster_v2 4x50x302 (channel 3)
Channel 3: POSITIVES (23256)
do_branch_cluster_v2 4x50x23256 (channel 3)
